[GIN-debug] GET    /                         --> main.main.func1 (4 handlers)
[GIN-debug] GET    /initdb                   --> server/fakeAvaitionAPIService/handlers.SeedDatabaseHandler (4 handlers)
[GIN-debug] GET    /flights                  --> server/fakeAvaitionAPIService/handlers.FetchAllFlights (4 handlers)
[GIN-debug] GET    /update_flight_status     --> server/fakeAvaitionAPIService/handlers.UpdateStatus (4 handlers)
[GIN-debug] GET    /fetch_flight             --> server/fakeAvaitionAPIService/handlers.FetchFlight (4 handlers)
[GIN] 2024/07/29 - 00:48:59 | 200 |     121.585µs |       127.0.0.1 | GET      "/update_flight_status?_enableUpdation=false&_delta_time=10s"
[GIN] 2024/07/29 - 00:48:59 | 404 |       1.062µs |       127.0.0.1 | GET      "/favicon.ico"
[GIN] 2024/07/29 - 00:49:11 | 200 |     779.337µs |       127.0.0.1 | GET      "/fetch_flight?_flight_id=6E-2341&_flight_name=Indigo"
[GIN] 2024/07/29 - 00:49:16 | 404 |     937.828µs |       127.0.0.1 | GET      "/fetch_flight?_flight_id=6E-2341&_flight_name=AirIndia"
[GIN-debug] GET    /                         --> main.main.func1 (4 handlers)
[GIN-debug] GET    /initdb                   --> server/fakeAvaitionAPIService/handlers.SeedDatabaseHandler (4 handlers)
[GIN-debug] GET    /flights                  --> server/fakeAvaitionAPIService/handlers.FetchAllFlights (4 handlers)
[GIN-debug] GET    /update_flight_status     --> server/fakeAvaitionAPIService/handlers.UpdateStatus (4 handlers)
[GIN-debug] GET    /fetch_flight             --> server/fakeAvaitionAPIService/handlers.FetchFlight (4 handlers)
[GIN] 2024/07/29 - 18:01:05 | 200 |      86.178µs |       127.0.0.1 | GET      "/"
[GIN] 2024/07/29 - 18:01:14 | 200 |    7.368229ms |       127.0.0.1 | GET      "/flights"
[GIN-debug] GET    /                         --> main.main.func1 (4 handlers)
[GIN-debug] GET    /initdb                   --> server/fakeAvaitionAPIService/handlers.SeedDatabaseHandler (4 handlers)
[GIN-debug] GET    /flights                  --> server/fakeAvaitionAPIService/handlers.FetchAllFlights (4 handlers)
[GIN-debug] GET    /update_flight_status     --> server/fakeAvaitionAPIService/handlers.UpdateStatus (4 handlers)
[GIN-debug] GET    /fetch_flight             --> server/fakeAvaitionAPIService/handlers.FetchFlight (4 handlers)
[GIN-debug] POST   /subscribe_to_flight      --> server/fakeAvaitionAPIService/handlers.SubscribeToFlight (4 handlers)
[GIN] 2024/07/30 - 13:06:48 | 200 |    3.921189ms |       127.0.0.1 | GET      "/flights"
[GIN] 2024/07/30 - 13:08:14 | 404 |       2.315µs |       127.0.0.1 | GET      "/subscribe_to_flight"


[31m2024/07/30 13:08:25 [Recovery] 2024/07/30 - 13:08:25 panic recovered:
POST /subscribe_to_flight HTTP/1.1
Host: localhost:8080
Accept: */*
Accept-Encoding: gzip, deflate, br
Connection: close
Content-Length: 52
Content-Type: application/json
User-Agent: Thunder Client (https://www.thunderclient.com)


{_id mail#mail.com}
/home/priyanshu-sharma/.asdf/installs/golang/1.22.5/go/src/log/log.go:310 (0x4e514d)
	(*Logger).Panicf: panic(s)
/home/priyanshu-sharma/Desktop/Indigo_case_study/app/server/fakeAvaitionAPIService/handlers/handlers.go:140 (0x90a7ba)
	SubscribeToFlight: logger.ServerLogger.Panicf("%v", newFlight)
/home/priyanshu-sharma/.asdf/installs/golang/1.22.5/packages/pkg/mod/github.com/gin-gonic/gin@v1.10.0/context.go:185 (0x903779)
	(*Context).Next: c.handlers[c.index](c)
/home/priyanshu-sharma/.asdf/installs/golang/1.22.5/packages/pkg/mod/github.com/gin-gonic/gin@v1.10.0/recovery.go:102 (0x903767)
	CustomRecoveryWithWriter.func1: c.Next()
/home/priyanshu-sharma/.asdf/installs/golang/1.22.5/packages/pkg/mod/github.com/gin-gonic/gin@v1.10.0/context.go:185 (0x9028a4)
	(*Context).Next: c.handlers[c.index](c)
/home/priyanshu-sharma/.asdf/installs/golang/1.22.5/packages/pkg/mod/github.com/gin-gonic/gin@v1.10.0/logger.go:249 (0x90288b)
	LoggerWithConfig.func1: c.Next()
/home/priyanshu-sharma/.asdf/installs/golang/1.22.5/packages/pkg/mod/github.com/gin-gonic/gin@v1.10.0/context.go:185 (0x901c91)
	(*Context).Next: c.handlers[c.index](c)
/home/priyanshu-sharma/.asdf/installs/golang/1.22.5/packages/pkg/mod/github.com/gin-gonic/gin@v1.10.0/gin.go:633 (0x901700)
	(*Engine).handleHTTPRequest: c.Next()
/home/priyanshu-sharma/.asdf/installs/golang/1.22.5/packages/pkg/mod/github.com/gin-gonic/gin@v1.10.0/gin.go:589 (0x901391)
	(*Engine).ServeHTTP: engine.handleHTTPRequest(c)
/home/priyanshu-sharma/.asdf/installs/golang/1.22.5/go/src/net/http/server.go:3142 (0x6727ad)
	serverHandler.ServeHTTP: handler.ServeHTTP(rw, req)
/home/priyanshu-sharma/.asdf/installs/golang/1.22.5/go/src/net/http/server.go:2044 (0x66e907)
	(*conn).serve: serverHandler{c.server}.ServeHTTP(w, w.req)
/home/priyanshu-sharma/.asdf/installs/golang/1.22.5/go/src/runtime/asm_amd64.s:1695 (0x46f9a0)
	goexit: BYTE	$0x90	// NOP
[0m
[GIN] 2024/07/30 - 13:08:25 | 500 |     992.183µs |       127.0.0.1 | POST     "/subscribe_to_flight"
[GIN-debug] GET    /                         --> main.main.func1 (4 handlers)
[GIN-debug] GET    /initdb                   --> server/fakeAvaitionAPIService/handlers.SeedDatabaseHandler (4 handlers)
[GIN-debug] GET    /flights                  --> server/fakeAvaitionAPIService/handlers.FetchAllFlights (4 handlers)
[GIN-debug] GET    /update_flight_status     --> server/fakeAvaitionAPIService/handlers.UpdateStatus (4 handlers)
[GIN-debug] GET    /fetch_flight             --> server/fakeAvaitionAPIService/handlers.FetchFlight (4 handlers)
[GIN-debug] POST   /subscribe_to_flight      --> server/fakeAvaitionAPIService/handlers.SubscribeToFlight (4 handlers)
[GIN] 2024/07/30 - 13:12:32 | 200 |      92.556µs |       127.0.0.1 | POST     "/subscribe_to_flight"
[GIN-debug] GET    /                         --> main.main.func1 (4 handlers)
[GIN-debug] GET    /initdb                   --> server/fakeAvaitionAPIService/handlers.SeedDatabaseHandler (4 handlers)
[GIN-debug] GET    /flights                  --> server/fakeAvaitionAPIService/handlers.FetchAllFlights (4 handlers)
[GIN-debug] GET    /update_flight_status     --> server/fakeAvaitionAPIService/handlers.UpdateStatus (4 handlers)
[GIN-debug] GET    /fetch_flight             --> server/fakeAvaitionAPIService/handlers.FetchFlight (4 handlers)
[GIN-debug] POST   /subscribe_to_flight      --> server/fakeAvaitionAPIService/handlers.SubscribeToFlight (4 handlers)
[GIN] 2024/07/30 - 13:17:18 | 200 |    4.736606ms |       127.0.0.1 | POST     "/subscribe_to_flight"
[GIN-debug] GET    /                         --> main.main.func1 (4 handlers)
[GIN-debug] GET    /initdb                   --> server/fakeAvaitionAPIService/handlers.SeedDatabaseHandler (4 handlers)
[GIN-debug] GET    /flights                  --> server/fakeAvaitionAPIService/handlers.FetchAllFlights (4 handlers)
[GIN-debug] GET    /update_flight_status     --> server/fakeAvaitionAPIService/handlers.UpdateStatus (4 handlers)
[GIN-debug] GET    /fetch_flight             --> server/fakeAvaitionAPIService/handlers.FetchFlight (4 handlers)
[GIN-debug] POST   /subscribe_to_flight      --> server/fakeAvaitionAPIService/handlers.SubscribeToFlight (4 handlers)
[GIN] 2024/07/30 - 13:18:44 | 200 |   20.686274ms |       127.0.0.1 | POST     "/subscribe_to_flight"
[GIN] 2024/07/30 - 13:42:05 | 200 |    1.762966ms |       127.0.0.1 | POST     "/subscribe_to_flight"
[GIN] 2024/07/30 - 13:43:59 | 404 |       1.199µs |       127.0.0.1 | POST     "/update_flight_status?_enableUpdation=true&_delta_time=3s"
[GIN] 2024/07/30 - 13:44:48 | 200 |      90.604µs |       127.0.0.1 | GET      "/update_flight_status?_enableUpdation=true&_delta_time=3s"
[GIN] 2024/07/30 - 13:45:31 | 200 |    2.433759ms |       127.0.0.1 | GET      "/update_flight_status?_enableUpdation=false&_delta_time=3s"
[GIN-debug] GET    /                         --> main.main.func1 (4 handlers)
[GIN-debug] GET    /initdb                   --> server/fakeAvaitionAPIService/handlers.SeedDatabaseHandler (4 handlers)
[GIN-debug] GET    /flights                  --> server/fakeAvaitionAPIService/handlers.FetchAllFlights (4 handlers)
[GIN-debug] GET    /update_flight_status     --> server/fakeAvaitionAPIService/handlers.UpdateStatus (4 handlers)
[GIN-debug] GET    /fetch_flight             --> server/fakeAvaitionAPIService/handlers.FetchFlight (4 handlers)
[GIN-debug] POST   /subscribe_to_flight      --> server/fakeAvaitionAPIService/handlers.SubscribeToFlight (4 handlers)
[GIN] 2024/07/30 - 13:46:03 | 200 |     270.577µs |       127.0.0.1 | GET      "/update_flight_status?_enableUpdation=true&_delta_time=3s"
[GIN] 2024/07/30 - 13:52:33 | 200 |      275.26µs |       127.0.0.1 | GET      "/update_flight_status?_enableUpdation=false&_delta_time=3s"
[GIN-debug] GET    /                         --> main.main.func1 (4 handlers)
[GIN-debug] GET    /initdb                   --> server/fakeAvaitionAPIService/handlers.SeedDatabaseHandler (4 handlers)
[GIN-debug] GET    /flights                  --> server/fakeAvaitionAPIService/handlers.FetchAllFlights (4 handlers)
[GIN-debug] GET    /update_flight_status     --> server/fakeAvaitionAPIService/handlers.UpdateStatus (4 handlers)
[GIN-debug] GET    /fetch_flight             --> server/fakeAvaitionAPIService/handlers.FetchFlight (4 handlers)
[GIN-debug] POST   /subscribe_to_flight      --> server/fakeAvaitionAPIService/handlers.SubscribeToFlight (4 handlers)
[GIN] 2024/07/30 - 14:43:32 | 200 |     281.343µs |       127.0.0.1 | GET      "/update_flight_status?_enableUpdation=true&_delta_time=3s"
[GIN-debug] GET    /                         --> main.main.func1 (4 handlers)
[GIN-debug] GET    /initdb                   --> server/fakeAvaitionAPIService/handlers.SeedDatabaseHandler (4 handlers)
[GIN-debug] GET    /flights                  --> server/fakeAvaitionAPIService/handlers.FetchAllFlights (4 handlers)
[GIN-debug] GET    /update_flight_status     --> server/fakeAvaitionAPIService/handlers.UpdateStatus (4 handlers)
[GIN-debug] GET    /fetch_flight             --> server/fakeAvaitionAPIService/handlers.FetchFlight (4 handlers)
[GIN-debug] POST   /subscribe_to_flight      --> server/fakeAvaitionAPIService/handlers.SubscribeToFlight (4 handlers)
[GIN] 2024/07/30 - 14:44:49 | 200 |      81.461µs |       127.0.0.1 | GET      "/update_flight_status?_enableUpdation=true&_delta_time=3s"
[GIN] 2024/07/30 - 14:45:57 | 404 |       1.094µs |       127.0.0.1 | GET      "/subscribe_to_flight"
[GIN] 2024/07/30 - 14:46:02 | 200 |    1.703856ms |       127.0.0.1 | POST     "/subscribe_to_flight"
[GIN-debug] GET    /                         --> main.main.func1 (4 handlers)
[GIN-debug] GET    /initdb                   --> server/fakeAvaitionAPIService/handlers.SeedDatabaseHandler (4 handlers)
[GIN-debug] GET    /flights                  --> server/fakeAvaitionAPIService/handlers.FetchAllFlights (4 handlers)
[GIN-debug] GET    /update_flight_status     --> server/fakeAvaitionAPIService/handlers.UpdateStatus (4 handlers)
[GIN-debug] GET    /fetch_flight             --> server/fakeAvaitionAPIService/handlers.FetchFlight (4 handlers)
[GIN-debug] POST   /subscribe_to_flight      --> server/fakeAvaitionAPIService/handlers.SubscribeToFlight (4 handlers)
[GIN] 2024/07/30 - 14:49:01 | 200 |     283.042µs |       127.0.0.1 | GET      "/update_flight_status?_enableUpdation=true&_delta_time=10s"
[GIN-debug] GET    /                         --> main.main.func1 (4 handlers)
[GIN-debug] GET    /initdb                   --> server/fakeAvaitionAPIService/handlers.SeedDatabaseHandler (4 handlers)
[GIN-debug] GET    /flights                  --> server/fakeAvaitionAPIService/handlers.FetchAllFlights (4 handlers)
[GIN-debug] GET    /update_flight_status     --> server/fakeAvaitionAPIService/handlers.UpdateStatus (4 handlers)
[GIN-debug] GET    /fetch_flight             --> server/fakeAvaitionAPIService/handlers.FetchFlight (4 handlers)
[GIN-debug] POST   /subscribe_to_flight      --> server/fakeAvaitionAPIService/handlers.SubscribeToFlight (4 handlers)
[GIN] 2024/07/30 - 14:51:17 | 200 |     331.467µs |       127.0.0.1 | GET      "/update_flight_status?_enableUpdation=true&_delta_time=3s"
[GIN-debug] GET    /                         --> main.main.func1 (4 handlers)
[GIN-debug] GET    /initdb                   --> server/fakeAvaitionAPIService/handlers.SeedDatabaseHandler (4 handlers)
[GIN-debug] GET    /flights                  --> server/fakeAvaitionAPIService/handlers.FetchAllFlights (4 handlers)
[GIN-debug] GET    /update_flight_status     --> server/fakeAvaitionAPIService/handlers.UpdateStatus (4 handlers)
[GIN-debug] GET    /fetch_flight             --> server/fakeAvaitionAPIService/handlers.FetchFlight (4 handlers)
[GIN-debug] POST   /subscribe_to_flight      --> server/fakeAvaitionAPIService/handlers.SubscribeToFlight (4 handlers)
[GIN-debug] GET    /                         --> main.main.func1 (4 handlers)
[GIN-debug] GET    /initdb                   --> server/fakeAvaitionAPIService/handlers.SeedDatabaseHandler (4 handlers)
[GIN-debug] GET    /flights                  --> server/fakeAvaitionAPIService/handlers.FetchAllFlights (4 handlers)
[GIN-debug] GET    /update_flight_status     --> server/fakeAvaitionAPIService/handlers.UpdateStatus (4 handlers)
[GIN-debug] GET    /fetch_flight             --> server/fakeAvaitionAPIService/handlers.FetchFlight (4 handlers)
[GIN-debug] POST   /subscribe_to_flight      --> server/fakeAvaitionAPIService/handlers.SubscribeToFlight (4 handlers)
[GIN] 2024/07/30 - 15:10:58 | 200 |      78.835µs |       127.0.0.1 | GET      "/update_flight_status?_enableUpdation=true&_delta_time=3s"
[GIN-debug] GET    /                         --> main.main.func1 (4 handlers)
[GIN-debug] GET    /initdb                   --> server/fakeAvaitionAPIService/handlers.SeedDatabaseHandler (4 handlers)
[GIN-debug] GET    /flights                  --> server/fakeAvaitionAPIService/handlers.FetchAllFlights (4 handlers)
[GIN-debug] GET    /update_flight_status     --> server/fakeAvaitionAPIService/handlers.UpdateStatus (4 handlers)
[GIN-debug] GET    /fetch_flight             --> server/fakeAvaitionAPIService/handlers.FetchFlight (4 handlers)
[GIN-debug] POST   /subscribe_to_flight      --> server/fakeAvaitionAPIService/handlers.SubscribeToFlight (4 handlers)
[GIN] 2024/07/30 - 15:41:17 | 404 |       1.336µs |       127.0.0.1 | GET      "/subscribe_to_flight"
[GIN] 2024/07/30 - 15:41:22 | 200 |    1.624057ms |       127.0.0.1 | POST     "/subscribe_to_flight"
[GIN-debug] GET    /                         --> main.main.func1 (4 handlers)
[GIN-debug] GET    /initdb                   --> server/fakeAvaitionAPIService/handlers.SeedDatabaseHandler (4 handlers)
[GIN-debug] GET    /flights                  --> server/fakeAvaitionAPIService/handlers.FetchAllFlights (4 handlers)
[GIN-debug] GET    /update_flight_status     --> server/fakeAvaitionAPIService/handlers.UpdateStatus (4 handlers)
[GIN-debug] GET    /fetch_flight             --> server/fakeAvaitionAPIService/handlers.FetchFlight (4 handlers)
[GIN-debug] POST   /subscribe_to_flight      --> server/fakeAvaitionAPIService/handlers.SubscribeToFlight (4 handlers)
[GIN] 2024/07/30 - 15:51:08 | 200 |      72.156µs |       127.0.0.1 | GET      "/update_flight_status?_enableUpdation=true&_delta_time=10s"
[GIN] 2024/07/30 - 15:51:38 | 404 |       3.584µs |       127.0.0.1 | GET      "/subscribe_to_flight"
[GIN] 2024/07/30 - 15:51:49 | 200 |   14.444442ms |       127.0.0.1 | POST     "/subscribe_to_flight"
[GIN-debug] GET    /                         --> main.main.func1 (4 handlers)
[GIN-debug] GET    /initdb                   --> server/fakeAvaitionAPIService/handlers.SeedDatabaseHandler (4 handlers)
[GIN-debug] GET    /flights                  --> server/fakeAvaitionAPIService/handlers.FetchAllFlights (4 handlers)
[GIN-debug] GET    /update_flight_status     --> server/fakeAvaitionAPIService/handlers.UpdateStatus (4 handlers)
[GIN-debug] GET    /fetch_flight             --> server/fakeAvaitionAPIService/handlers.FetchFlight (4 handlers)
[GIN-debug] POST   /subscribe_to_flight      --> server/fakeAvaitionAPIService/handlers.SubscribeToFlight (4 handlers)
[GIN] 2024/07/30 - 15:53:29 | 200 |     124.176µs |       127.0.0.1 | GET      "/update_flight_status?_enableUpdation=true&_delta_time=3s"
[GIN] 2024/07/30 - 15:54:29 | 200 |         503µs |       127.0.0.1 | POST     "/subscribe_to_flight"
[GIN-debug] GET    /                         --> main.main.func1 (4 handlers)
[GIN-debug] GET    /initdb                   --> server/fakeAvaitionAPIService/handlers.SeedDatabaseHandler (4 handlers)
[GIN-debug] GET    /flights                  --> server/fakeAvaitionAPIService/handlers.FetchAllFlights (4 handlers)
[GIN-debug] GET    /update_flight_status     --> server/fakeAvaitionAPIService/handlers.UpdateStatus (4 handlers)
[GIN-debug] GET    /fetch_flight             --> server/fakeAvaitionAPIService/handlers.FetchFlight (4 handlers)
[GIN-debug] POST   /subscribe_to_flight      --> server/fakeAvaitionAPIService/handlers.SubscribeToFlight (4 handlers)
[GIN] 2024/07/30 - 16:01:39 | 200 |     225.278µs |       127.0.0.1 | GET      "/update_flight_status?_enableUpdation=false&_delta_time=10s"
[GIN] 2024/07/30 - 16:05:41 | 400 |      270.07µs |       127.0.0.1 | GET      "/update_flight_status?_enableUpdation=true&_delta_time=3"
[GIN] 2024/07/30 - 16:05:52 | 200 |     208.072µs |       127.0.0.1 | GET      "/update_flight_status?_enableUpdation=true&_delta_time=3s"
[GIN] 2024/07/30 - 16:06:10 | 404 |         984ns |       127.0.0.1 | POST     "/send-notification"
[GIN] 2024/07/30 - 16:06:13 | 404 |         774ns |       127.0.0.1 | POST     "/send-notification"
[GIN] 2024/07/30 - 16:06:16 | 404 |         737ns |       127.0.0.1 | POST     "/send-notification"
[GIN] 2024/07/30 - 16:06:28 | 404 |         698ns |       127.0.0.1 | POST     "/send-notification"
[GIN] 2024/07/30 - 16:06:37 | 404 |       1.225µs |       127.0.0.1 | POST     "/send-notification"
[GIN] 2024/07/30 - 16:06:49 | 404 |         793ns |       127.0.0.1 | POST     "/send-notification"
[GIN] 2024/07/30 - 16:07:04 | 404 |       3.073µs |       127.0.0.1 | POST     "/send-notification"
[GIN] 2024/07/30 - 16:07:10 | 404 |         604ns |       127.0.0.1 | POST     "/send-notification"
[GIN-debug] GET    /                         --> main.main.func1 (4 handlers)
[GIN-debug] GET    /initdb                   --> server/fakeAvaitionAPIService/handlers.SeedDatabaseHandler (4 handlers)
[GIN-debug] GET    /flights                  --> server/fakeAvaitionAPIService/handlers.FetchAllFlights (4 handlers)
[GIN-debug] GET    /update_flight_status     --> server/fakeAvaitionAPIService/handlers.UpdateStatus (4 handlers)
[GIN-debug] GET    /fetch_flight             --> server/fakeAvaitionAPIService/handlers.FetchFlight (4 handlers)
[GIN-debug] POST   /subscribe_to_flight      --> server/fakeAvaitionAPIService/handlers.SubscribeToFlight (4 handlers)
[GIN] 2024/07/30 - 16:07:19 | 200 |     305.435µs |       127.0.0.1 | GET      "/update_flight_status?_enableUpdation=true&_delta_time=3s"
[GIN-debug] GET    /                         --> main.main.func1 (4 handlers)
[GIN-debug] GET    /initdb                   --> server/fakeAvaitionAPIService/handlers.SeedDatabaseHandler (4 handlers)
[GIN-debug] GET    /flights                  --> server/fakeAvaitionAPIService/handlers.FetchAllFlights (4 handlers)
[GIN-debug] GET    /update_flight_status     --> server/fakeAvaitionAPIService/handlers.UpdateStatus (4 handlers)
[GIN-debug] GET    /fetch_flight             --> server/fakeAvaitionAPIService/handlers.FetchFlight (4 handlers)
[GIN-debug] POST   /subscribe_to_flight      --> server/fakeAvaitionAPIService/handlers.SubscribeToFlight (4 handlers)
[GIN] 2024/07/30 - 16:30:48 | 200 |      72.548µs |       127.0.0.1 | GET      "/update_flight_status?_enableUpdation=true&_delta_time=3s"
[GIN-debug] GET    /                         --> main.main.func1 (4 handlers)
[GIN-debug] GET    /initdb                   --> server/fakeAvaitionAPIService/handlers.SeedDatabaseHandler (4 handlers)
[GIN-debug] GET    /flights                  --> server/fakeAvaitionAPIService/handlers.FetchAllFlights (4 handlers)
[GIN-debug] GET    /update_flight_status     --> server/fakeAvaitionAPIService/handlers.UpdateStatus (4 handlers)
[GIN-debug] GET    /fetch_flight             --> server/fakeAvaitionAPIService/handlers.FetchFlight (4 handlers)
[GIN-debug] POST   /subscribe_to_flight      --> server/fakeAvaitionAPIService/handlers.SubscribeToFlight (4 handlers)
[GIN] 2024/07/30 - 16:31:46 | 200 |     309.966µs |       127.0.0.1 | GET      "/update_flight_status?_enableUpdation=true&_delta_time=3s"
[GIN-debug] GET    /                         --> main.main.func1 (4 handlers)
[GIN-debug] GET    /initdb                   --> server/fakeAvaitionAPIService/handlers.SeedDatabaseHandler (4 handlers)
[GIN-debug] GET    /flights                  --> server/fakeAvaitionAPIService/handlers.FetchAllFlights (4 handlers)
[GIN-debug] GET    /update_flight_status     --> server/fakeAvaitionAPIService/handlers.UpdateStatus (4 handlers)
[GIN-debug] GET    /fetch_flight             --> server/fakeAvaitionAPIService/handlers.FetchFlight (4 handlers)
[GIN-debug] POST   /subscribe_to_flight      --> server/fakeAvaitionAPIService/handlers.SubscribeToFlight (4 handlers)
[GIN] 2024/07/30 - 16:32:35 | 200 |     111.753µs |       127.0.0.1 | GET      "/update_flight_status?_enableUpdation=true&_delta_time=3s"
[GIN-debug] GET    /                         --> main.main.func1 (4 handlers)
[GIN-debug] GET    /initdb                   --> server/fakeAvaitionAPIService/handlers.SeedDatabaseHandler (4 handlers)
[GIN-debug] GET    /flights                  --> server/fakeAvaitionAPIService/handlers.FetchAllFlights (4 handlers)
[GIN-debug] GET    /update_flight_status     --> server/fakeAvaitionAPIService/handlers.UpdateStatus (4 handlers)
[GIN-debug] GET    /fetch_flight             --> server/fakeAvaitionAPIService/handlers.FetchFlight (4 handlers)
[GIN-debug] POST   /subscribe_to_flight      --> server/fakeAvaitionAPIService/handlers.SubscribeToFlight (4 handlers)
[GIN] 2024/07/30 - 16:35:49 | 200 |     245.568µs |       127.0.0.1 | GET      "/update_flight_status?_enableUpdation=true&_delta_time=3s"
[GIN-debug] GET    /                         --> main.main.func1 (4 handlers)
[GIN-debug] GET    /initdb                   --> server/fakeAvaitionAPIService/handlers.SeedDatabaseHandler (4 handlers)
[GIN-debug] GET    /flights                  --> server/fakeAvaitionAPIService/handlers.FetchAllFlights (4 handlers)
[GIN-debug] GET    /update_flight_status     --> server/fakeAvaitionAPIService/handlers.UpdateStatus (4 handlers)
[GIN-debug] GET    /fetch_flight             --> server/fakeAvaitionAPIService/handlers.FetchFlight (4 handlers)
[GIN-debug] POST   /subscribe_to_flight      --> server/fakeAvaitionAPIService/handlers.SubscribeToFlight (4 handlers)
[GIN] 2024/07/30 - 16:42:44 | 200 |     137.514µs |       127.0.0.1 | GET      "/update_flight_status?_enableUpdation=true&_delta_time=3s"
[GIN-debug] GET    /                         --> main.main.func1 (4 handlers)
[GIN-debug] GET    /initdb                   --> server/fakeAvaitionAPIService/handlers.SeedDatabaseHandler (4 handlers)
[GIN-debug] GET    /flights                  --> server/fakeAvaitionAPIService/handlers.FetchAllFlights (4 handlers)
[GIN-debug] GET    /update_flight_status     --> server/fakeAvaitionAPIService/handlers.UpdateStatus (4 handlers)
[GIN-debug] GET    /fetch_flight             --> server/fakeAvaitionAPIService/handlers.FetchFlight (4 handlers)
[GIN-debug] POST   /subscribe_to_flight      --> server/fakeAvaitionAPIService/handlers.SubscribeToFlight (4 handlers)
[GIN] 2024/07/30 - 16:51:55 | 200 |      95.317µs |       127.0.0.1 | GET      "/update_flight_status?_enableUpdation=true&_delta_time=3s"
[GIN-debug] GET    /                         --> main.main.func1 (4 handlers)
[GIN-debug] GET    /initdb                   --> server/fakeAvaitionAPIService/handlers.SeedDatabaseHandler (4 handlers)
[GIN-debug] GET    /flights                  --> server/fakeAvaitionAPIService/handlers.FetchAllFlights (4 handlers)
[GIN-debug] GET    /update_flight_status     --> server/fakeAvaitionAPIService/handlers.UpdateStatus (4 handlers)
[GIN-debug] GET    /fetch_flight             --> server/fakeAvaitionAPIService/handlers.FetchFlight (4 handlers)
[GIN-debug] POST   /subscribe_to_flight      --> server/fakeAvaitionAPIService/handlers.SubscribeToFlight (4 handlers)
[GIN] 2024/07/30 - 17:12:52 | 200 |     257.697µs |       127.0.0.1 | GET      "/update_flight_status?_enableUpdation=true&_delta_time=3s"
[GIN-debug] GET    /                         --> main.main.func1 (4 handlers)
[GIN-debug] GET    /initdb                   --> server/fakeAvaitionAPIService/handlers.SeedDatabaseHandler (4 handlers)
[GIN-debug] GET    /flights                  --> server/fakeAvaitionAPIService/handlers.FetchAllFlights (4 handlers)
[GIN-debug] GET    /update_flight_status     --> server/fakeAvaitionAPIService/handlers.UpdateStatus (4 handlers)
[GIN-debug] GET    /fetch_flight             --> server/fakeAvaitionAPIService/handlers.FetchFlight (4 handlers)
[GIN-debug] POST   /subscribe_to_flight      --> server/fakeAvaitionAPIService/handlers.SubscribeToFlight (4 handlers)
[GIN] 2024/07/30 - 17:15:57 | 200 |     475.032µs |       127.0.0.1 | POST     "/subscribe_to_flight"
[GIN-debug] GET    /                         --> main.main.func1 (4 handlers)
[GIN-debug] GET    /initdb                   --> server/fakeAvaitionAPIService/handlers.SeedDatabaseHandler (4 handlers)
[GIN-debug] GET    /flights                  --> server/fakeAvaitionAPIService/handlers.FetchAllFlights (4 handlers)
[GIN-debug] GET    /update_flight_status     --> server/fakeAvaitionAPIService/handlers.UpdateStatus (4 handlers)
[GIN-debug] GET    /fetch_flight             --> server/fakeAvaitionAPIService/handlers.FetchFlight (4 handlers)
[GIN-debug] POST   /subscribe_to_flight      --> server/fakeAvaitionAPIService/handlers.SubscribeToFlight (4 handlers)
[GIN] 2024/07/30 - 17:16:56 | 200 |     488.843µs |       127.0.0.1 | GET      "/flights"
[GIN] 2024/07/30 - 17:17:03 | 200 |   14.723711ms |       127.0.0.1 | GET      "/initdb"
[GIN] 2024/07/30 - 17:17:16 | 200 |    1.654939ms |       127.0.0.1 | GET      "/flights"
[GIN] 2024/07/30 - 17:17:41 | 200 |     172.018µs |       127.0.0.1 | GET      "/update_flight_status?_enableUpdation=true&_delta_time=3s"
[GIN] 2024/07/30 - 17:18:24 | 404 |       3.205µs |       127.0.0.1 | GET      "/subscribe_to_flight"
[GIN] 2024/07/30 - 17:18:28 | 200 |   23.502399ms |       127.0.0.1 | POST     "/subscribe_to_flight"
[GIN-debug] GET    /                         --> main.main.func1 (4 handlers)
[GIN-debug] GET    /initdb                   --> server/fakeAvaitionAPIService/handlers.SeedDatabaseHandler (4 handlers)
[GIN-debug] GET    /flights                  --> server/fakeAvaitionAPIService/handlers.FetchAllFlights (4 handlers)
[GIN-debug] GET    /update_flight_status     --> server/fakeAvaitionAPIService/handlers.UpdateStatus (4 handlers)
[GIN-debug] GET    /fetch_flight             --> server/fakeAvaitionAPIService/handlers.FetchFlight (4 handlers)
[GIN-debug] POST   /subscribe_to_flight      --> server/fakeAvaitionAPIService/handlers.SubscribeToFlight (4 handlers)
[GIN] 2024/07/30 - 17:31:56 | 404 |       1.149µs |       127.0.0.1 | POST     "/update_flight_status?_enableUpdation=true&_delta_time=3s"
[GIN] 2024/07/30 - 17:32:00 | 200 |       90.49µs |       127.0.0.1 | GET      "/update_flight_status?_enableUpdation=true&_delta_time=3s"
[GIN-debug] GET    /                         --> main.main.func1 (4 handlers)
[GIN-debug] GET    /initdb                   --> server/fakeAvaitionAPIService/handlers.SeedDatabaseHandler (4 handlers)
[GIN-debug] GET    /flights                  --> server/fakeAvaitionAPIService/handlers.FetchAllFlights (4 handlers)
[GIN-debug] GET    /update_flight_status     --> server/fakeAvaitionAPIService/handlers.UpdateStatus (4 handlers)
[GIN-debug] GET    /fetch_flight             --> server/fakeAvaitionAPIService/handlers.FetchFlight (4 handlers)
[GIN-debug] POST   /subscribe_to_flight      --> server/fakeAvaitionAPIService/handlers.SubscribeToFlight (4 handlers)
[GIN] 2024/07/30 - 17:56:06 | 200 |      77.126µs |       127.0.0.1 | GET      "/update_flight_status?_enableUpdation=true&_delta_time=3s"
[GIN-debug] GET    /                         --> main.main.func1 (4 handlers)
[GIN-debug] GET    /initdb                   --> server/fakeAvaitionAPIService/handlers.SeedDatabaseHandler (4 handlers)
[GIN-debug] GET    /flights                  --> server/fakeAvaitionAPIService/handlers.FetchAllFlights (4 handlers)
[GIN-debug] GET    /update_flight_status     --> server/fakeAvaitionAPIService/handlers.UpdateStatus (4 handlers)
[GIN-debug] GET    /fetch_flight             --> server/fakeAvaitionAPIService/handlers.FetchFlight (4 handlers)
[GIN-debug] POST   /subscribe_to_flight      --> server/fakeAvaitionAPIService/handlers.SubscribeToFlight (4 handlers)
[GIN] 2024/07/30 - 17:56:43 | 200 |     289.568µs |       127.0.0.1 | GET      "/update_flight_status?_enableUpdation=true&_delta_time=3s"
[GIN-debug] GET    /                         --> main.main.func1 (4 handlers)
[GIN-debug] GET    /initdb                   --> server/fakeAvaitionAPIService/handlers.SeedDatabaseHandler (4 handlers)
[GIN-debug] GET    /flights                  --> server/fakeAvaitionAPIService/handlers.FetchAllFlights (4 handlers)
[GIN-debug] GET    /update_flight_status     --> server/fakeAvaitionAPIService/handlers.UpdateStatus (4 handlers)
[GIN-debug] GET    /fetch_flight             --> server/fakeAvaitionAPIService/handlers.FetchFlight (4 handlers)
[GIN-debug] POST   /subscribe_to_flight      --> server/fakeAvaitionAPIService/handlers.SubscribeToFlight (4 handlers)
[GIN] 2024/07/30 - 18:08:41 | 200 |      91.745µs |       127.0.0.1 | GET      "/update_flight_status?_enableUpdation=true&_delta_time=3s"
[GIN-debug] GET    /                         --> main.main.func1 (4 handlers)
[GIN-debug] GET    /initdb                   --> server/fakeAvaitionAPIService/handlers.SeedDatabaseHandler (4 handlers)
[GIN-debug] GET    /flights                  --> server/fakeAvaitionAPIService/handlers.FetchAllFlights (4 handlers)
[GIN-debug] GET    /update_flight_status     --> server/fakeAvaitionAPIService/handlers.UpdateStatus (4 handlers)
[GIN-debug] GET    /fetch_flight             --> server/fakeAvaitionAPIService/handlers.FetchFlight (4 handlers)
[GIN-debug] POST   /subscribe_to_flight      --> server/fakeAvaitionAPIService/handlers.SubscribeToFlight (4 handlers)
[GIN] 2024/07/30 - 18:10:20 | 200 |      86.211µs |       127.0.0.1 | GET      "/update_flight_status?_enableUpdation=true&_delta_time=3s"
[GIN-debug] GET    /                         --> main.main.func1 (4 handlers)
[GIN-debug] GET    /initdb                   --> server/fakeAvaitionAPIService/handlers.SeedDatabaseHandler (4 handlers)
[GIN-debug] GET    /flights                  --> server/fakeAvaitionAPIService/handlers.FetchAllFlights (4 handlers)
[GIN-debug] GET    /update_flight_status     --> server/fakeAvaitionAPIService/handlers.UpdateStatus (4 handlers)
[GIN-debug] GET    /fetch_flight             --> server/fakeAvaitionAPIService/handlers.FetchFlight (4 handlers)
[GIN-debug] POST   /subscribe_to_flight      --> server/fakeAvaitionAPIService/handlers.SubscribeToFlight (4 handlers)
[GIN] 2024/07/30 - 21:03:05 | 200 |     4.42456ms |       127.0.0.1 | GET      "/flights"
[GIN-debug] GET    /                         --> main.main.func1 (4 handlers)
[GIN-debug] GET    /initdb                   --> server/fakeAvaitionAPIService/handlers.SeedDatabaseHandler (4 handlers)
[GIN-debug] GET    /flights                  --> server/fakeAvaitionAPIService/handlers.FetchAllFlights (4 handlers)
[GIN-debug] GET    /update_flight_status     --> server/fakeAvaitionAPIService/handlers.UpdateStatus (4 handlers)
[GIN-debug] GET    /fetch_flight             --> server/fakeAvaitionAPIService/handlers.FetchFlight (4 handlers)
[GIN-debug] POST   /subscribe_to_flight      --> server/fakeAvaitionAPIService/handlers.SubscribeToFlight (4 handlers)
[GIN] 2024/07/30 - 21:06:09 | 200 |     504.894µs |             ::1 | GET      "/flights"
[GIN] 2024/07/30 - 21:06:09 | 200 |     522.073µs |             ::1 | GET      "/flights"
[GIN] 2024/07/30 - 21:12:21 | 200 |     501.036µs |             ::1 | GET      "/flights"
[GIN] 2024/07/30 - 21:14:45 | 200 |     578.114µs |             ::1 | GET      "/flights"
[GIN] 2024/07/30 - 21:14:48 | 200 |     625.756µs |             ::1 | GET      "/flights"
[GIN] 2024/07/30 - 21:14:48 | 200 |     421.905µs |             ::1 | GET      "/flights"
[GIN] 2024/07/30 - 21:14:49 | 200 |     384.889µs |             ::1 | GET      "/flights"
[GIN] 2024/07/30 - 21:14:49 | 200 |    1.473255ms |             ::1 | GET      "/flights"
[GIN] 2024/07/30 - 21:14:51 | 200 |     355.888µs |             ::1 | GET      "/flights"
[GIN] 2024/07/30 - 21:14:51 | 200 |    1.738974ms |             ::1 | GET      "/flights"
[GIN] 2024/07/30 - 21:14:53 | 200 |    1.200243ms |             ::1 | GET      "/flights"
[GIN] 2024/07/30 - 21:14:53 | 200 |     530.035µs |             ::1 | GET      "/flights"
[GIN] 2024/07/30 - 21:14:58 | 200 |     457.895µs |             ::1 | GET      "/flights"
[GIN] 2024/07/30 - 21:15:14 | 200 |     368.174µs |             ::1 | GET      "/flights"
[GIN] 2024/07/30 - 21:15:14 | 200 |     426.795µs |             ::1 | GET      "/flights"
[GIN] 2024/07/30 - 21:15:15 | 200 |     357.421µs |             ::1 | GET      "/flights"
[GIN] 2024/07/30 - 21:15:15 | 200 |     442.643µs |             ::1 | GET      "/flights"
[GIN] 2024/07/30 - 21:15:16 | 200 |     607.276µs |             ::1 | GET      "/flights"
[GIN] 2024/07/30 - 21:15:16 | 200 |     413.165µs |             ::1 | GET      "/flights"
[GIN] 2024/07/30 - 21:16:12 | 200 |     584.705µs |             ::1 | GET      "/flights"
[GIN] 2024/07/30 - 21:16:12 | 200 |    1.670011ms |             ::1 | GET      "/flights"
[GIN] 2024/07/30 - 21:16:13 | 200 |    1.793401ms |             ::1 | GET      "/flights"
[GIN] 2024/07/30 - 21:16:13 | 200 |     617.846µs |             ::1 | GET      "/flights"
[GIN] 2024/07/30 - 21:19:19 | 200 |     565.176µs |             ::1 | GET      "/flights"
[GIN] 2024/07/30 - 21:19:19 | 200 |     981.906µs |             ::1 | GET      "/flights"
[GIN] 2024/07/30 - 21:19:20 | 200 |     953.021µs |             ::1 | GET      "/flights"
[GIN] 2024/07/30 - 21:19:20 | 200 |     618.684µs |             ::1 | GET      "/flights"
[GIN] 2024/07/30 - 21:19:20 | 200 |     388.642µs |             ::1 | GET      "/flights"
[GIN] 2024/07/30 - 21:19:20 | 200 |     982.415µs |             ::1 | GET      "/flights"
[GIN] 2024/07/30 - 21:19:34 | 200 |    1.087123ms |             ::1 | GET      "/flights"
[GIN] 2024/07/30 - 21:19:38 | 200 |    1.630558ms |             ::1 | GET      "/flights"
[GIN] 2024/07/30 - 21:19:38 | 200 |     814.603µs |             ::1 | GET      "/flights"
[GIN] 2024/07/30 - 21:19:38 | 200 |     454.195µs |             ::1 | GET      "/flights"
[GIN] 2024/07/30 - 21:19:38 | 200 |     500.597µs |             ::1 | GET      "/flights"
[GIN-debug] GET    /                         --> main.main.func1 (4 handlers)
[GIN-debug] GET    /initdb                   --> server/fakeAvaitionAPIService/handlers.SeedDatabaseHandler (4 handlers)
[GIN-debug] GET    /flights                  --> server/fakeAvaitionAPIService/handlers.FetchAllFlights (4 handlers)
[GIN-debug] GET    /update_flight_status     --> server/fakeAvaitionAPIService/handlers.UpdateStatus (4 handlers)
[GIN-debug] GET    /fetch_flight             --> server/fakeAvaitionAPIService/handlers.FetchFlight (4 handlers)
[GIN-debug] POST   /subscribe_to_flight      --> server/fakeAvaitionAPIService/handlers.SubscribeToFlight (4 handlers)
[GIN] 2024/07/30 - 21:24:50 | 200 |     758.667µs |             ::1 | GET      "/flights"
[GIN] 2024/07/30 - 21:24:50 | 200 |      866.62µs |             ::1 | GET      "/flights"
[GIN] 2024/07/30 - 21:25:27 | 200 |     394.373µs |             ::1 | GET      "/flights"
[GIN] 2024/07/30 - 21:25:31 | 200 |     876.414µs |             ::1 | GET      "/flights"
[GIN] 2024/07/30 - 21:25:31 | 200 |     851.324µs |             ::1 | GET      "/flights"
[GIN] 2024/07/30 - 21:26:04 | 200 |     543.109µs |             ::1 | GET      "/flights"
[GIN] 2024/07/30 - 21:26:33 | 200 |     734.003µs |             ::1 | GET      "/flights"
[GIN] 2024/07/30 - 21:27:05 | 200 |    1.246609ms |             ::1 | GET      "/flights"
[GIN] 2024/07/30 - 21:27:30 | 200 |     911.624µs |             ::1 | GET      "/flights"
[GIN] 2024/07/30 - 21:27:47 | 200 |     428.628µs |             ::1 | GET      "/flights"
[GIN] 2024/07/30 - 21:28:14 | 200 |     535.841µs |             ::1 | GET      "/flights"
[GIN] 2024/07/30 - 21:28:14 | 200 |     548.835µs |             ::1 | GET      "/flights"
[GIN] 2024/07/30 - 21:28:18 | 200 |     476.021µs |             ::1 | GET      "/flights"
[GIN] 2024/07/30 - 21:28:18 | 200 |     749.071µs |             ::1 | GET      "/flights"
[GIN] 2024/07/30 - 21:28:23 | 200 |     417.323µs |             ::1 | GET      "/flights"
[GIN] 2024/07/30 - 21:28:23 | 200 |    1.527591ms |             ::1 | GET      "/flights"
[GIN] 2024/07/30 - 21:28:38 | 200 |     495.709µs |             ::1 | GET      "/flights"
[GIN] 2024/07/30 - 21:53:02 | 200 |     425.575µs |             ::1 | GET      "/flights"
[GIN] 2024/07/30 - 21:53:02 | 200 |      357.25µs |             ::1 | GET      "/flights"
[GIN] 2024/07/30 - 21:53:23 | 200 |   17.658634ms |       127.0.0.1 | GET      "/initdb"
[GIN] 2024/07/30 - 21:53:28 | 200 |     605.304µs |             ::1 | GET      "/flights"
[GIN] 2024/07/30 - 21:53:28 | 200 |     481.532µs |             ::1 | GET      "/flights"
[GIN] 2024/07/30 - 21:53:37 | 200 |    1.387599ms |             ::1 | GET      "/flights"
[GIN] 2024/07/30 - 21:53:37 | 200 |     606.899µs |             ::1 | GET      "/flights"
[GIN] 2024/07/30 - 21:54:23 | 200 |     429.283µs |             ::1 | GET      "/flights"
[GIN] 2024/07/30 - 21:54:23 | 200 |    1.853288ms |             ::1 | GET      "/flights"
[GIN] 2024/07/30 - 21:55:20 | 200 |     418.127µs |             ::1 | GET      "/flights"
[GIN] 2024/07/30 - 21:59:49 | 200 |     455.729µs |             ::1 | GET      "/flights"
[GIN] 2024/07/30 - 22:00:38 | 200 |     545.374µs |             ::1 | GET      "/flights"
[GIN] 2024/07/30 - 22:02:10 | 200 |     507.754µs |             ::1 | GET      "/flights"
[GIN] 2024/07/30 - 22:03:31 | 200 |     730.706µs |             ::1 | GET      "/flights"
[GIN] 2024/07/30 - 22:03:31 | 200 |     554.215µs |             ::1 | GET      "/flights"
[GIN] 2024/07/30 - 22:03:35 | 200 |    1.404666ms |             ::1 | GET      "/flights"
[GIN] 2024/07/30 - 22:03:35 | 200 |     361.584µs |             ::1 | GET      "/flights"
[GIN] 2024/07/30 - 22:03:37 | 200 |      956.36µs |             ::1 | GET      "/flights"
[GIN] 2024/07/30 - 22:03:37 | 200 |     393.954µs |             ::1 | GET      "/flights"
[GIN] 2024/07/30 - 22:03:38 | 200 |     347.686µs |             ::1 | GET      "/flights"
[GIN] 2024/07/30 - 22:03:38 | 200 |    1.393403ms |             ::1 | GET      "/flights"
[GIN] 2024/07/30 - 22:03:39 | 200 |     500.332µs |             ::1 | GET      "/flights"
[GIN] 2024/07/30 - 22:03:39 | 200 |       665.3µs |             ::1 | GET      "/flights"
[GIN] 2024/07/30 - 22:03:39 | 200 |    1.382306ms |             ::1 | GET      "/flights"
[GIN] 2024/07/30 - 22:03:39 | 200 |     504.605µs |             ::1 | GET      "/flights"
[GIN] 2024/07/30 - 22:03:40 | 200 |     959.237µs |             ::1 | GET      "/flights"
[GIN] 2024/07/30 - 22:03:40 | 200 |      398.75µs |             ::1 | GET      "/flights"
[GIN] 2024/07/30 - 22:03:40 | 200 |     338.515µs |             ::1 | GET      "/flights"
[GIN] 2024/07/30 - 22:03:40 | 200 |     518.478µs |             ::1 | GET      "/flights"
[GIN] 2024/07/30 - 22:03:40 | 200 |     359.896µs |             ::1 | GET      "/flights"
[GIN] 2024/07/30 - 22:03:40 | 200 |     804.795µs |             ::1 | GET      "/flights"
[GIN] 2024/07/30 - 22:03:40 | 200 |     978.785µs |             ::1 | GET      "/flights"
[GIN] 2024/07/30 - 22:03:40 | 200 |     370.791µs |             ::1 | GET      "/flights"
[GIN] 2024/07/30 - 22:03:41 | 200 |     449.813µs |             ::1 | GET      "/flights"
[GIN] 2024/07/30 - 22:03:41 | 200 |     644.764µs |             ::1 | GET      "/flights"
[GIN] 2024/07/30 - 22:04:01 | 200 |     132.086µs |       127.0.0.1 | GET      "/update_flight_status?_enableUpdation=true&_delta_time=10s"
[GIN] 2024/07/30 - 22:04:18 | 200 |     527.164µs |             ::1 | GET      "/flights"
[GIN] 2024/07/30 - 22:04:18 | 200 |     1.02321ms |             ::1 | GET      "/flights"
[GIN] 2024/07/30 - 22:04:20 | 200 |    1.202291ms |             ::1 | GET      "/flights"
[GIN] 2024/07/30 - 22:04:20 | 200 |     421.831µs |             ::1 | GET      "/flights"
[GIN] 2024/07/30 - 22:04:21 | 200 |     820.755µs |             ::1 | GET      "/flights"
[GIN] 2024/07/30 - 22:04:21 | 200 |     491.949µs |             ::1 | GET      "/flights"
[GIN] 2024/07/30 - 22:04:22 | 200 |     596.449µs |             ::1 | GET      "/flights"
[GIN] 2024/07/30 - 22:04:22 | 200 |    1.356124ms |             ::1 | GET      "/flights"
[GIN] 2024/07/30 - 22:04:24 | 200 |     361.516µs |             ::1 | GET      "/flights"
[GIN] 2024/07/30 - 22:04:24 | 200 |     796.534µs |             ::1 | GET      "/flights"
[GIN] 2024/07/30 - 22:04:25 | 200 |     553.944µs |             ::1 | GET      "/flights"
[GIN] 2024/07/30 - 22:04:25 | 200 |     493.249µs |             ::1 | GET      "/flights"
[GIN] 2024/07/30 - 22:05:40 | 200 |     435.522µs |             ::1 | GET      "/flights"
[GIN] 2024/07/30 - 22:05:40 | 200 |    1.660946ms |             ::1 | GET      "/flights"
[GIN] 2024/07/30 - 22:07:48 | 200 |     533.926µs |             ::1 | GET      "/flights"
[GIN] 2024/07/30 - 22:07:55 | 200 |     606.192µs |             ::1 | GET      "/flights"
[GIN] 2024/07/30 - 22:07:55 | 200 |     600.253µs |             ::1 | GET      "/flights"
[GIN] 2024/07/30 - 22:08:06 | 200 |     995.247µs |             ::1 | GET      "/flights"
[GIN] 2024/07/30 - 22:09:25 | 200 |     433.526µs |             ::1 | GET      "/flights"
[GIN] 2024/07/30 - 22:16:00 | 200 |     514.687µs |             ::1 | GET      "/flights"
[GIN] 2024/07/30 - 22:16:00 | 200 |     514.753µs |             ::1 | GET      "/flights"
[GIN] 2024/07/30 - 22:26:17 | 200 |     481.898µs |             ::1 | GET      "/flights"
[GIN] 2024/07/30 - 22:29:40 | 200 |     419.238µs |             ::1 | GET      "/flights"
[GIN] 2024/07/30 - 22:29:40 | 200 |     392.924µs |             ::1 | GET      "/flights"
[GIN] 2024/07/30 - 22:30:00 | 200 |     446.537µs |             ::1 | GET      "/flights"
[GIN] 2024/07/30 - 22:30:00 | 200 |     550.191µs |             ::1 | GET      "/flights"
[GIN] 2024/07/30 - 22:36:26 | 200 |     263.569µs |       127.0.0.1 | GET      "/update_flight_status?_enableUpdation=false&_delta_time=100s"
[GIN] 2024/07/30 - 22:36:31 | 200 |     212.852µs |       127.0.0.1 | GET      "/update_flight_status?_enableUpdation=true&_delta_time=100s"
