fake aviation api service 2024/07/28 22:41:06 Connected to MongoDB
fake aviation api service 2024/07/28 22:41:06 Starting server on port :8080
fake aviation api service 2024/07/28 22:42:00 0x222 AirIndia
fake aviation api service 2024/07/28 22:44:31 0x222 AirIndia
fake aviation api service 2024/07/28 22:55:23 0x222 AirIndia
fake aviation api service 2024/07/28 22:55:27 Got signal: interrupt
fake aviation api service 2024/07/28 22:55:27 Server exiting
fake aviation api service 2024/07/28 22:55:30 Connected to MongoDB
fake aviation api service 2024/07/28 22:55:30 Starting server on port :8080
fake aviation api service 2024/07/28 22:55:34 0x222 AirIndia
fake aviation api service 2024/07/28 22:55:50 0x222 Indigo
fake aviation api service 2024/07/28 22:56:36 6E-2344 Indigo
fake aviation api service 2024/07/28 22:59:51 Got signal: interrupt
fake aviation api service 2024/07/28 22:59:51 Server exiting
fake aviation api service 2024/07/28 22:59:54 Connected to MongoDB
fake aviation api service 2024/07/28 22:59:54 Starting server on port :8080
fake aviation api service 2024/07/28 22:59:59 6E-2344 Indigo
fake aviation api service 2024/07/28 22:59:59 Error fetching flights: mongo: no documents in result
fake aviation api service 2024/07/28 23:04:48 Got signal: interrupt
fake aviation api service 2024/07/28 23:04:48 Server exiting
fake aviation api service 2024/07/28 23:04:50 Connected to MongoDB
fake aviation api service 2024/07/28 23:04:50 Starting server on port :8080
fake aviation api service 2024/07/28 23:04:54 6E-2344 Indigo
fake aviation api service 2024/07/28 23:05:47 Got signal: interrupt
fake aviation api service 2024/07/28 23:05:47 Server exiting
fake aviation api service 2024/07/28 23:05:49 Connected to MongoDB
fake aviation api service 2024/07/28 23:05:49 Starting server on port :8080
fake aviation api service 2024/07/28 23:05:51 6E-2344 Indigo
fake aviation api service 2024/07/28 23:05:51 {ObjectID("66a60d7e8cb60006f6c207d5") 6E-2346 Indigo Delayed B1 F1 2024-07-26 14:00:00 +0000 UTC 2024-07-26 18:00:00 +0000 UTC <nil> <nil>}
fake aviation api service 2024/07/28 23:07:14 Got signal: interrupt
fake aviation api service 2024/07/28 23:07:14 Server exiting
fake aviation api service 2024/07/28 23:07:17 Connected to MongoDB
fake aviation api service 2024/07/28 23:07:17 Starting server on port :8080
fake aviation api service 2024/07/28 23:07:26 6E-2344 Indigo
fake aviation api service 2024/07/28 23:07:26 {ObjectID("66a60d7e8cb60006f6c207d5") 6E-2346 Indigo Delayed B1 F1 2024-07-26 14:00:00 +0000 UTC 2024-07-26 18:00:00 +0000 UTC <nil> <nil>}
fake aviation api service 2024/07/28 23:08:38 Got signal: interrupt
fake aviation api service 2024/07/28 23:08:38 Server exiting
fake aviation api service 2024/07/28 23:08:40 Connected to MongoDB
fake aviation api service 2024/07/28 23:08:40 Starting server on port :8080
fake aviation api service 2024/07/28 23:08:52 6E-2344 Indigo
fake aviation api service 2024/07/28 23:10:08 Got signal: interrupt
fake aviation api service 2024/07/28 23:10:08 Server exiting
fake aviation api service 2024/07/28 23:10:10 Connected to MongoDB
fake aviation api service 2024/07/28 23:10:10 Starting server on port :8080
fake aviation api service 2024/07/28 23:11:05 6E-2346 Indigo
fake aviation api service 2024/07/28 23:11:05 Error fetching flights: mongo: no documents in result
fake aviation api service 2024/07/28 23:12:02 6E-2344 Indigo
fake aviation api service 2024/07/28 23:12:02 Error fetching flights: mongo: no documents in result
fake aviation api service 2024/07/28 23:12:45 Got signal: interrupt
fake aviation api service 2024/07/28 23:12:45 Server exiting
fake aviation api service 2024/07/28 23:12:47 Connected to MongoDB
fake aviation api service 2024/07/28 23:12:47 Starting server on port :8080
fake aviation api service 2024/07/28 23:13:02 6E-2344 Indigo
fake aviation api service 2024/07/28 23:13:02 Error fetching flights: mongo: no documents in result
fake aviation api service 2024/07/28 23:14:20 Got signal: interrupt
fake aviation api service 2024/07/28 23:14:20 Server exiting
fake aviation api service 2024/07/28 23:14:23 Connected to MongoDB
fake aviation api service 2024/07/28 23:14:23 Starting server on port :8080
fake aviation api service 2024/07/28 23:14:25 string Indigo
fake aviation api service 2024/07/28 23:14:25 Error fetching flights: mongo: no documents in result
fake aviation api service 2024/07/28 23:16:37 Got signal: interrupt
fake aviation api service 2024/07/28 23:16:37 Server exiting
fake aviation api service 2024/07/28 23:17:02 Connected to MongoDB
fake aviation api service 2024/07/28 23:17:02 Starting server on port :8080
fake aviation api service 2024/07/28 23:17:08 {ObjectID("000000000000000000000000") 6E-2341 Indigo On Time A12 B7 2024-07-26 14:00:00 +0000 UTC 2024-07-26 18:00:00 +0000 UTC <nil> <nil>}
fake aviation api service 2024/07/28 23:17:08 {ObjectID("000000000000000000000000") 6E-2342 Indigo Delayed C3 D4 2024-07-26 16:00:00 +0000 UTC 2024-07-26 20:00:00 +0000 UTC <nil> <nil>}
fake aviation api service 2024/07/28 23:17:08 {ObjectID("000000000000000000000000") 6E-2343 Indigo Cancelled E2 F1 2024-07-26 12:00:00 +0000 UTC 2024-07-26 16:00:00 +0000 UTC <nil> <nil>}
fake aviation api service 2024/07/28 23:17:33 true 1m
fake aviation api service 2024/07/28 23:18:02 string Indigo
fake aviation api service 2024/07/28 23:18:33 Updated flight 66a6841c6b9003b7ce85ae0a: status = Delayed
fake aviation api service 2024/07/28 23:19:33 Updated flight 66a6841c6b9003b7ce85ae0a: status = Cancelled
fake aviation api service 2024/07/28 23:20:33 Updated flight 66a6841c6b9003b7ce85ae0b: arrival_gate = K13
fake aviation api service 2024/07/28 23:20:49 string Indigo
fake aviation api service 2024/07/28 23:20:49 Error fetching flights: mongo: no documents in result
fake aviation api service 2024/07/28 23:21:05 string Indigo
fake aviation api service 2024/07/28 23:21:11 string AirIndia
fake aviation api service 2024/07/28 23:21:24 string Indigo
fake aviation api service 2024/07/28 23:21:33 Updated flight 66a6841c6b9003b7ce85ae0a: status = Delayed
fake aviation api service 2024/07/28 23:21:34 string Indigo
fake aviation api service 2024/07/28 23:21:34 Error fetching flights: mongo: no documents in result
fake aviation api service 2024/07/28 23:22:33 Updated flight 66a6841c6b9003b7ce85ae0a: status = Cancelled
fake aviation api service 2024/07/28 23:23:14 Got signal: interrupt
fake aviation api service 2024/07/28 23:23:14 Server exiting
fake aviation api service 2024/07/28 23:23:18 Connected to MongoDB
fake aviation api service 2024/07/28 23:23:18 Starting server on port :8080
fake aviation api service 2024/07/28 23:23:32 Error fetching flights: mongo: no documents in result
fake aviation api service 2024/07/28 23:23:47 Got signal: interrupt
fake aviation api service 2024/07/28 23:23:47 Server exiting
fake aviation api service 2024/07/28 23:23:49 Connected to MongoDB
fake aviation api service 2024/07/28 23:23:49 Starting server on port :8080
fake aviation api service 2024/07/28 23:23:59 Error fetching flights: mongo: no documents in result
fake aviation api service 2024/07/28 23:25:27 Error fetching flights: mongo: no documents in result
fake aviation api service 2024/07/28 23:26:54 Error fetching flights: mongo: no documents in result
fake aviation api service 2024/07/28 23:28:20 true 10s
fake aviation api service 2024/07/28 23:28:30 Updated flight 66a6841c6b9003b7ce85ae0a: arrival_gate = F12
fake aviation api service 2024/07/28 23:28:40 Updated flight 66a6841c6b9003b7ce85ae0a: status = Delayed
fake aviation api service 2024/07/28 23:28:50 Updated flight 66a6841c6b9003b7ce85ae0a: arrival_gate = D11
fake aviation api service 2024/07/28 23:29:00 Updated flight 66a6841c6b9003b7ce85ae0c: status = Delayed
fake aviation api service 2024/07/28 23:29:10 Updated flight 66a6841c6b9003b7ce85ae0a: arrival_gate = F1
fake aviation api service 2024/07/28 23:29:20 Updated flight 66a6841c6b9003b7ce85ae0a: status = Cancelled
fake aviation api service 2024/07/28 23:29:30 Updated flight 66a6841c6b9003b7ce85ae0b: status = Cancelled
fake aviation api service 2024/07/28 23:29:40 Updated flight 66a6841c6b9003b7ce85ae0b: status = Delayed
fake aviation api service 2024/07/28 23:29:50 Updated flight 66a6841c6b9003b7ce85ae0c: departure_gate = B16
fake aviation api service 2024/07/28 23:30:00 Updated flight 66a6841c6b9003b7ce85ae0b: arrival_gate = F13
fake aviation api service 2024/07/28 23:30:10 false 10s
fake aviation api service 2024/07/28 23:33:38 Got signal: interrupt
fake aviation api service 2024/07/28 23:33:38 Server exiting
fake aviation api service 2024/07/28 23:34:40 Connected to MongoDB
fake aviation api service 2024/07/28 23:34:40 Starting server on port :8080
fake aviation api service 2024/07/28 23:34:44 false 10s
fake aviation api service 2024/07/28 23:35:00 true 10s
fake aviation api service 2024/07/28 23:35:10 Updated flight 66a6841c6b9003b7ce85ae0b: departure_gate = C11
fake aviation api service 2024/07/28 23:35:20 Updated flight 66a6841c6b9003b7ce85ae0b: arrival_gate = D19
fake aviation api service 2024/07/28 23:35:30 Updated flight 66a6841c6b9003b7ce85ae0a: arrival_gate = K13
fake aviation api service 2024/07/28 23:36:59 true 10s
fake aviation api service 2024/07/28 23:37:09 Updated flight 66a6841c6b9003b7ce85ae0b: departure_gate = A16
fake aviation api service 2024/07/28 23:37:17 false 10s
fake aviation api service 2024/07/28 23:38:38 Got signal: interrupt
fake aviation api service 2024/07/28 23:38:38 Server exiting
